

Started GET "/assets/home_page/mobile-hero/4.jpg" for 127.0.0.1 at 2015-07-13 01:07:21 -0400

ActionController::RoutingError (No route matches [GET] "/assets/home_page/mobile-hero/4.jpg"):
  actionpack (4.0.3) lib/action_dispatch/middleware/debug_exceptions.rb:21:in `call'
  actionpack (4.0.3) lib/action_dispatch/middleware/show_exceptions.rb:30:in `call'
  railties (4.0.3) lib/rails/rack/logger.rb:38:in `call_app'
  railties (4.0.3) lib/rails/rack/logger.rb:20:in `block in call'
  activesupport (4.0.3) lib/active_support/tagged_logging.rb:67:in `block in tagged'
  activesupport (4.0.3) lib/active_support/tagged_logging.rb:25:in `tagged'
  activesupport (4.0.3) lib/active_support/tagged_logging.rb:67:in `tagged'
  railties (4.0.3) lib/rails/rack/logger.rb:20:in `call'
  actionpack (4.0.3) lib/action_dispatch/middleware/request_id.rb:21:in `call'
  rack (1.5.5) lib/rack/methodoverride.rb:21:in `call'
  rack (1.5.5) lib/rack/runtime.rb:17:in `call'
  activesupport (4.0.3) lib/active_support/cache/strategy/local_cache.rb:83:in `call'
  rack (1.5.5) lib/rack/lock.rb:17:in `call'
  actionpack (4.0.3) lib/action_dispatch/middleware/static.rb:64:in `call'
  rack (1.5.5) lib/rack/sendfile.rb:112:in `call'
  railties (4.0.3) lib/rails/engine.rb:511:in `call'
  railties (4.0.3) lib/rails/application.rb:97:in `call'
  rack (1.5.5) lib/rack/lock.rb:17:in `call'
  rack (1.5.5) lib/rack/content_length.rb:14:in `call'
  rack (1.5.5) lib/rack/handler/webrick.rb:60:in `service'
  /Users/isha.kasliwal/.rvm/rubies/ruby-2.1.0/lib/ruby/2.1.0/webrick/httpserver.rb:138:in `service'
  /Users/isha.kasliwal/.rvm/rubies/ruby-2.1.0/lib/ruby/2.1.0/webrick/httpserver.rb:94:in `run'
  /Users/isha.kasliwal/.rvm/rubies/ruby-2.1.0/lib/ruby/2.1.0/webrick/server.rb:295:in `block in start_thread'


  Rendered /Users/isha.kasliwal/.rvm/gems/ruby-2.1.0/gems/actionpack-4.0.3/lib/action_dispatch/middleware/templates/rescues/_trace.erb (2.9ms)
  Rendered /Users/isha.kasliwal/.rvm/gems/ruby-2.1.0/gems/actionpack-4.0.3/lib/action_dispatch/middleware/templates/routes/_table.html.erb (13.1ms)
  Rendered /Users/isha.kasliwal/.rvm/gems/ruby-2.1.0/gems/actionpack-4.0.3/lib/action_dispatch/middleware/templates/rescues/routing_error.erb within rescues/layout (40.6ms)


Started GET "/assets/home_page/mobile-hero/5.jpg" for 127.0.0.1 at 2015-07-13 01:07:24 -0400

ActionController::RoutingError (No route matches [GET] "/assets/home_page/mobile-hero/5.jpg"):
  actionpack (4.0.3) lib/action_dispatch/middleware/debug_exceptions.rb:21:in `call'
  actionpack (4.0.3) lib/action_dispatch/middleware/show_exceptions.rb:30:in `call'
  railties (4.0.3) lib/rails/rack/logger.rb:38:in `call_app'
  railties (4.0.3) lib/rails/rack/logger.rb:20:in `block in call'
  activesupport (4.0.3) lib/active_support/tagged_logging.rb:67:in `block in tagged'
  activesupport (4.0.3) lib/active_support/tagged_logging.rb:25:in `tagged'
  activesupport (4.0.3) lib/active_support/tagged_logging.rb:67:in `tagged'
  railties (4.0.3) lib/rails/rack/logger.rb:20:in `call'
  actionpack (4.0.3) lib/action_dispatch/middleware/request_id.rb:21:in `call'
  rack (1.5.5) lib/rack/methodoverride.rb:21:in `call'
  rack (1.5.5) lib/rack/runtime.rb:17:in `call'
  activesupport (4.0.3) lib/active_support/cache/strategy/local_cache.rb:83:in `call'
  rack (1.5.5) lib/rack/lock.rb:17:in `call'
  actionpack (4.0.3) lib/action_dispatch/middleware/static.rb:64:in `call'
  rack (1.5.5) lib/rack/sendfile.rb:112:in `call'
  railties (4.0.3) lib/rails/engine.rb:511:in `call'
  railties (4.0.3) lib/rails/application.rb:97:in `call'
  rack (1.5.5) lib/rack/lock.rb:17:in `call'
  rack (1.5.5) lib/rack/content_length.rb:14:in `call'
  rack (1.5.5) lib/rack/handler/webrick.rb:60:in `service'
  /Users/isha.kasliwal/.rvm/rubies/ruby-2.1.0/lib/ruby/2.1.0/webrick/httpserver.rb:138:in `service'
  /Users/isha.kasliwal/.rvm/rubies/ruby-2.1.0/lib/ruby/2.1.0/webrick/httpserver.rb:94:in `run'
  /Users/isha.kasliwal/.rvm/rubies/ruby-2.1.0/lib/ruby/2.1.0/webrick/server.rb:295:in `block in start_thread'


  Rendered /Users/isha.kasliwal/.rvm/gems/ruby-2.1.0/gems/actionpack-4.0.3/lib/action_dispatch/middleware/templates/rescues/_trace.erb (1.5ms)
  Rendered /Users/isha.kasliwal/.rvm/gems/ruby-2.1.0/gems/actionpack-4.0.3/lib/action_dispatch/middleware/templates/routes/_table.html.erb (1.4ms)
  Rendered /Users/isha.kasliwal/.rvm/gems/ruby-2.1.0/gems/actionpack-4.0.3/lib/action_dispatch/middleware/templates/rescues/routing_error.erb within rescues/layout (14.3ms)


Started GET "/assets/home_page/mobile-hero/4.jpg" for 127.0.0.1 at 2015-07-13 01:07:40 -0400

ActionController::RoutingError (No route matches [GET] "/assets/home_page/mobile-hero/4.jpg"):
  actionpack (4.0.3) lib/action_dispatch/middleware/debug_exceptions.rb:21:in `call'
  actionpack (4.0.3) lib/action_dispatch/middleware/show_exceptions.rb:30:in `call'
  railties (4.0.3) lib/rails/rack/logger.rb:38:in `call_app'
  railties (4.0.3) lib/rails/rack/logger.rb:20:in `block in call'
  activesupport (4.0.3) lib/active_support/tagged_logging.rb:67:in `block in tagged'
  activesupport (4.0.3) lib/active_support/tagged_logging.rb:25:in `tagged'
  activesupport (4.0.3) lib/active_support/tagged_logging.rb:67:in `tagged'
  railties (4.0.3) lib/rails/rack/logger.rb:20:in `call'
  actionpack (4.0.3) lib/action_dispatch/middleware/request_id.rb:21:in `call'
  rack (1.5.5) lib/rack/methodoverride.rb:21:in `call'
  rack (1.5.5) lib/rack/runtime.rb:17:in `call'
  activesupport (4.0.3) lib/active_support/cache/strategy/local_cache.rb:83:in `call'
  rack (1.5.5) lib/rack/lock.rb:17:in `call'
  actionpack (4.0.3) lib/action_dispatch/middleware/static.rb:64:in `call'
  rack (1.5.5) lib/rack/sendfile.rb:112:in `call'
  railties (4.0.3) lib/rails/engine.rb:511:in `call'
  railties (4.0.3) lib/rails/application.rb:97:in `call'
  rack (1.5.5) lib/rack/lock.rb:17:in `call'
  rack (1.5.5) lib/rack/content_length.rb:14:in `call'
  rack (1.5.5) lib/rack/handler/webrick.rb:60:in `service'
  /Users/isha.kasliwal/.rvm/rubies/ruby-2.1.0/lib/ruby/2.1.0/webrick/httpserver.rb:138:in `service'
  /Users/isha.kasliwal/.rvm/rubies/ruby-2.1.0/lib/ruby/2.1.0/webrick/httpserver.rb:94:in `run'
  /Users/isha.kasliwal/.rvm/rubies/ruby-2.1.0/lib/ruby/2.1.0/webrick/server.rb:295:in `block in start_thread'


  Rendered /Users/isha.kasliwal/.rvm/gems/ruby-2.1.0/gems/actionpack-4.0.3/lib/action_dispatch/middleware/templates/rescues/_trace.erb (1.1ms)
  Rendered /Users/isha.kasliwal/.rvm/gems/ruby-2.1.0/gems/actionpack-4.0.3/lib/action_dispatch/middleware/templates/routes/_table.html.erb (3.2ms)
  Rendered /Users/isha.kasliwal/.rvm/gems/ruby-2.1.0/gems/actionpack-4.0.3/lib/action_dispatch/middleware/templates/rescues/routing_error.erb within rescues/layout (14.6ms)


Started GET "/assets/home_page/mobile-hero/5.jpg" for 127.0.0.1 at 2015-07-13 01:07:44 -0400

ActionController::RoutingError (No route matches [GET] "/assets/home_page/mobile-hero/5.jpg"):
  actionpack (4.0.3) lib/action_dispatch/middleware/debug_exceptions.rb:21:in `call'
  actionpack (4.0.3) lib/action_dispatch/middleware/show_exceptions.rb:30:in `call'
  railties (4.0.3) lib/rails/rack/logger.rb:38:in `call_app'
  railties (4.0.3) lib/rails/rack/logger.rb:20:in `block in call'
  activesupport (4.0.3) lib/active_support/tagged_logging.rb:67:in `block in tagged'
  activesupport (4.0.3) lib/active_support/tagged_logging.rb:25:in `tagged'
  activesupport (4.0.3) lib/active_support/tagged_logging.rb:67:in `tagged'
  railties (4.0.3) lib/rails/rack/logger.rb:20:in `call'
  actionpack (4.0.3) lib/action_dispatch/middleware/request_id.rb:21:in `call'
  rack (1.5.5) lib/rack/methodoverride.rb:21:in `call'
  rack (1.5.5) lib/rack/runtime.rb:17:in `call'
  activesupport (4.0.3) lib/active_support/cache/strategy/local_cache.rb:83:in `call'
  rack (1.5.5) lib/rack/lock.rb:17:in `call'
  actionpack (4.0.3) lib/action_dispatch/middleware/static.rb:64:in `call'
  rack (1.5.5) lib/rack/sendfile.rb:112:in `call'
  railties (4.0.3) lib/rails/engine.rb:511:in `call'
  railties (4.0.3) lib/rails/application.rb:97:in `call'
  rack (1.5.5) lib/rack/lock.rb:17:in `call'
  rack (1.5.5) lib/rack/content_length.rb:14:in `call'
  rack (1.5.5) lib/rack/handler/webrick.rb:60:in `service'
  /Users/isha.kasliwal/.rvm/rubies/ruby-2.1.0/lib/ruby/2.1.0/webrick/httpserver.rb:138:in `service'
  /Users/isha.kasliwal/.rvm/rubies/ruby-2.1.0/lib/ruby/2.1.0/webrick/httpserver.rb:94:in `run'
  /Users/isha.kasliwal/.rvm/rubies/ruby-2.1.0/lib/ruby/2.1.0/webrick/server.rb:295:in `block in start_thread'


  Rendered /Users/isha.kasliwal/.rvm/gems/ruby-2.1.0/gems/actionpack-4.0.3/lib/action_dispatch/middleware/templates/rescues/_trace.erb (1.2ms)
  Rendered /Users/isha.kasliwal/.rvm/gems/ruby-2.1.0/gems/actionpack-4.0.3/lib/action_dispatch/middleware/templates/routes/_table.html.erb (1.4ms)
  Rendered /Users/isha.kasliwal/.rvm/gems/ruby-2.1.0/gems/actionpack-4.0.3/lib/action_dispatch/middleware/templates/rescues/routing_error.erb within rescues/layout (10.2ms)


Started GET "/" for 127.0.0.1 at 2015-07-13 01:07:51 -0400
Processing by Rails::WelcomeController#index as HTML
  Rendered /Users/isha.kasliwal/.rvm/gems/ruby-2.1.0/gems/railties-4.0.3/lib/rails/templates/rails/welcome/index.html.erb (1.3ms)
Completed 200 OK in 24ms (Views: 4.2ms | ActiveRecord: 0.0ms)


Started GET "/" for 127.0.0.1 at 2015-07-14 00:53:52 -0400
Processing by WelcomeController#index as HTML
  Rendered welcome/index.html.erb within layouts/application (1.4ms)
Completed 200 OK in 1470ms (Views: 1452.2ms | ActiveRecord: 0.0ms)


Started GET "/assets/jquery_ujs.js?body=1" for 127.0.0.1 at 2015-07-14 00:53:53 -0400


Started GET "/assets/welcome.css?body=1" for 127.0.0.1 at 2015-07-14 00:53:53 -0400


Started GET "/assets/turbolinks.js?body=1" for 127.0.0.1 at 2015-07-14 00:53:53 -0400


Started GET "/assets/jquery.js?body=1" for 127.0.0.1 at 2015-07-14 00:53:53 -0400


Started GET "/assets/application.css?body=1" for 127.0.0.1 at 2015-07-14 00:53:53 -0400


Started GET "/assets/welcome.js?body=1" for 127.0.0.1 at 2015-07-14 00:53:53 -0400


Started GET "/assets/application.js?body=1" for 127.0.0.1 at 2015-07-14 00:53:53 -0400


Started GET "/" for 127.0.0.1 at 2015-07-14 01:45:37 -0400
Processing by WelcomeController#index as HTML
  Rendered welcome/index.html.erb within layouts/application (0.1ms)
Completed 200 OK in 92ms (Views: 90.8ms | ActiveRecord: 0.0ms)


Started GET "/assets/application.css?body=1" for 127.0.0.1 at 2015-07-14 01:45:37 -0400


Started GET "/assets/jquery.js?body=1" for 127.0.0.1 at 2015-07-14 01:45:37 -0400


Started GET "/assets/articles.css?body=1" for 127.0.0.1 at 2015-07-14 01:45:37 -0400


Started GET "/assets/jquery_ujs.js?body=1" for 127.0.0.1 at 2015-07-14 01:45:37 -0400


Started GET "/assets/welcome.css?body=1" for 127.0.0.1 at 2015-07-14 01:45:37 -0400


Started GET "/assets/turbolinks.js?body=1" for 127.0.0.1 at 2015-07-14 01:45:37 -0400


Started GET "/assets/welcome.js?body=1" for 127.0.0.1 at 2015-07-14 01:45:37 -0400


Started GET "/assets/application.js?body=1" for 127.0.0.1 at 2015-07-14 01:45:37 -0400


Started GET "/assets/articles.js?body=1" for 127.0.0.1 at 2015-07-14 01:45:37 -0400


Started GET "/" for 127.0.0.1 at 2015-07-14 01:45:39 -0400
Processing by WelcomeController#index as HTML
  Rendered welcome/index.html.erb within layouts/application (0.0ms)
Completed 200 OK in 4ms (Views: 4.0ms | ActiveRecord: 0.0ms)


Started GET "/assets/articles.css?body=1" for 127.0.0.1 at 2015-07-14 01:45:39 -0400


Started GET "/assets/welcome.css?body=1" for 127.0.0.1 at 2015-07-14 01:45:39 -0400


Started GET "/assets/application.css?body=1" for 127.0.0.1 at 2015-07-14 01:45:39 -0400


Started GET "/assets/jquery_ujs.js?body=1" for 127.0.0.1 at 2015-07-14 01:45:39 -0400


Started GET "/assets/jquery.js?body=1" for 127.0.0.1 at 2015-07-14 01:45:39 -0400


Started GET "/assets/welcome.js?body=1" for 127.0.0.1 at 2015-07-14 01:45:39 -0400


Started GET "/assets/articles.js?body=1" for 127.0.0.1 at 2015-07-14 01:45:39 -0400


Started GET "/assets/turbolinks.js?body=1" for 127.0.0.1 at 2015-07-14 01:45:39 -0400


Started GET "/assets/application.js?body=1" for 127.0.0.1 at 2015-07-14 01:45:39 -0400


Started GET "/" for 127.0.0.1 at 2015-07-14 01:46:06 -0400
Processing by WelcomeController#index as HTML
  Rendered welcome/index.html.erb within layouts/application (0.0ms)
Completed 200 OK in 4ms (Views: 3.5ms | ActiveRecord: 0.0ms)


Started GET "/assets/articles.css?body=1" for 127.0.0.1 at 2015-07-14 01:46:06 -0400


Started GET "/assets/turbolinks.js?body=1" for 127.0.0.1 at 2015-07-14 01:46:06 -0400


Started GET "/assets/jquery.js?body=1" for 127.0.0.1 at 2015-07-14 01:46:06 -0400


Started GET "/assets/jquery_ujs.js?body=1" for 127.0.0.1 at 2015-07-14 01:46:06 -0400


Started GET "/assets/application.css?body=1" for 127.0.0.1 at 2015-07-14 01:46:06 -0400


Started GET "/assets/welcome.css?body=1" for 127.0.0.1 at 2015-07-14 01:46:06 -0400


Started GET "/assets/articles.js?body=1" for 127.0.0.1 at 2015-07-14 01:46:06 -0400


Started GET "/assets/welcome.js?body=1" for 127.0.0.1 at 2015-07-14 01:46:06 -0400


Started GET "/assets/application.js?body=1" for 127.0.0.1 at 2015-07-14 01:46:06 -0400


Started GET "/" for 127.0.0.1 at 2015-07-14 01:46:18 -0400
Processing by WelcomeController#index as HTML
  Rendered welcome/index.html.erb within layouts/application (1.5ms)
Completed 200 OK in 58ms (Views: 42.5ms | ActiveRecord: 0.0ms)


Started GET "/assets/articles.css?body=1" for 127.0.0.1 at 2015-07-14 01:46:19 -0400


Started GET "/assets/application.css?body=1" for 127.0.0.1 at 2015-07-14 01:46:19 -0400


Started GET "/assets/jquery.js?body=1" for 127.0.0.1 at 2015-07-14 01:46:19 -0400


Started GET "/assets/welcome.css?body=1" for 127.0.0.1 at 2015-07-14 01:46:19 -0400


Started GET "/assets/turbolinks.js?body=1" for 127.0.0.1 at 2015-07-14 01:46:19 -0400


Started GET "/assets/jquery_ujs.js?body=1" for 127.0.0.1 at 2015-07-14 01:46:19 -0400


Started GET "/assets/articles.js?body=1" for 127.0.0.1 at 2015-07-14 01:46:19 -0400


Started GET "/assets/welcome.js?body=1" for 127.0.0.1 at 2015-07-14 01:46:19 -0400


Started GET "/assets/application.js?body=1" for 127.0.0.1 at 2015-07-14 01:46:19 -0400


Started GET "/" for 127.0.0.1 at 2015-07-14 01:46:21 -0400
Processing by WelcomeController#index as HTML
  Rendered welcome/index.html.erb within layouts/application (0.0ms)
Completed 200 OK in 4ms (Views: 3.5ms | ActiveRecord: 0.0ms)


Started GET "/assets/articles.css?body=1" for 127.0.0.1 at 2015-07-14 01:46:21 -0400


Started GET "/assets/jquery_ujs.js?body=1" for 127.0.0.1 at 2015-07-14 01:46:21 -0400


Started GET "/assets/welcome.css?body=1" for 127.0.0.1 at 2015-07-14 01:46:21 -0400


Started GET "/assets/application.css?body=1" for 127.0.0.1 at 2015-07-14 01:46:21 -0400


Started GET "/assets/articles.js?body=1" for 127.0.0.1 at 2015-07-14 01:46:21 -0400


Started GET "/assets/jquery.js?body=1" for 127.0.0.1 at 2015-07-14 01:46:21 -0400


Started GET "/assets/turbolinks.js?body=1" for 127.0.0.1 at 2015-07-14 01:46:21 -0400


Started GET "/assets/welcome.js?body=1" for 127.0.0.1 at 2015-07-14 01:46:21 -0400


Started GET "/assets/application.js?body=1" for 127.0.0.1 at 2015-07-14 01:46:21 -0400


Started GET "/articles/new" for 127.0.0.1 at 2015-07-14 01:47:02 -0400
Processing by ArticlesController#new as HTML
  Rendered articles/new.html.erb within layouts/application (14.5ms)
Completed 200 OK in 23ms (Views: 21.7ms | ActiveRecord: 0.0ms)


Started GET "/assets/articles.css?body=1" for 127.0.0.1 at 2015-07-14 01:47:02 -0400


Started GET "/assets/welcome.css?body=1" for 127.0.0.1 at 2015-07-14 01:47:02 -0400


Started GET "/assets/jquery.js?body=1" for 127.0.0.1 at 2015-07-14 01:47:02 -0400


Started GET "/assets/jquery_ujs.js?body=1" for 127.0.0.1 at 2015-07-14 01:47:02 -0400


Started GET "/assets/turbolinks.js?body=1" for 127.0.0.1 at 2015-07-14 01:47:02 -0400


Started GET "/assets/articles.js?body=1" for 127.0.0.1 at 2015-07-14 01:47:02 -0400


Started GET "/assets/welcome.js?body=1" for 127.0.0.1 at 2015-07-14 01:47:02 -0400


Started GET "/assets/application.css?body=1" for 127.0.0.1 at 2015-07-14 01:47:02 -0400


Started GET "/assets/application.js?body=1" for 127.0.0.1 at 2015-07-14 01:47:02 -0400


Started POST "/articles/new" for 127.0.0.1 at 2015-07-14 01:52:20 -0400

ActionController::RoutingError (No route matches [POST] "/articles/new"):
  actionpack (4.0.3) lib/action_dispatch/middleware/debug_exceptions.rb:21:in `call'
  actionpack (4.0.3) lib/action_dispatch/middleware/show_exceptions.rb:30:in `call'
  railties (4.0.3) lib/rails/rack/logger.rb:38:in `call_app'
  railties (4.0.3) lib/rails/rack/logger.rb:20:in `block in call'
  activesupport (4.0.3) lib/active_support/tagged_logging.rb:67:in `block in tagged'
  activesupport (4.0.3) lib/active_support/tagged_logging.rb:25:in `tagged'
  activesupport (4.0.3) lib/active_support/tagged_logging.rb:67:in `tagged'
  railties (4.0.3) lib/rails/rack/logger.rb:20:in `call'
  actionpack (4.0.3) lib/action_dispatch/middleware/request_id.rb:21:in `call'
  rack (1.5.5) lib/rack/methodoverride.rb:21:in `call'
  rack (1.5.5) lib/rack/runtime.rb:17:in `call'
  activesupport (4.0.3) lib/active_support/cache/strategy/local_cache.rb:83:in `call'
  rack (1.5.5) lib/rack/lock.rb:17:in `call'
  actionpack (4.0.3) lib/action_dispatch/middleware/static.rb:64:in `call'
  rack (1.5.5) lib/rack/sendfile.rb:112:in `call'
  railties (4.0.3) lib/rails/engine.rb:511:in `call'
  railties (4.0.3) lib/rails/application.rb:97:in `call'
  rack (1.5.5) lib/rack/lock.rb:17:in `call'
  rack (1.5.5) lib/rack/content_length.rb:14:in `call'
  rack (1.5.5) lib/rack/handler/webrick.rb:60:in `service'
  /Users/isha.kasliwal/.rvm/rubies/ruby-2.1.0/lib/ruby/2.1.0/webrick/httpserver.rb:138:in `service'
  /Users/isha.kasliwal/.rvm/rubies/ruby-2.1.0/lib/ruby/2.1.0/webrick/httpserver.rb:94:in `run'
  /Users/isha.kasliwal/.rvm/rubies/ruby-2.1.0/lib/ruby/2.1.0/webrick/server.rb:295:in `block in start_thread'


  Rendered /Users/isha.kasliwal/.rvm/gems/ruby-2.1.0/gems/actionpack-4.0.3/lib/action_dispatch/middleware/templates/rescues/_trace.erb (1.2ms)
  Rendered /Users/isha.kasliwal/.rvm/gems/ruby-2.1.0/gems/actionpack-4.0.3/lib/action_dispatch/middleware/templates/routes/_route.html.erb (1.3ms)
  Rendered /Users/isha.kasliwal/.rvm/gems/ruby-2.1.0/gems/actionpack-4.0.3/lib/action_dispatch/middleware/templates/routes/_table.html.erb (4.1ms)
  Rendered /Users/isha.kasliwal/.rvm/gems/ruby-2.1.0/gems/actionpack-4.0.3/lib/action_dispatch/middleware/templates/rescues/routing_error.erb within rescues/layout (27.0ms)


Started POST "/articles/new" for 127.0.0.1 at 2015-07-14 01:52:26 -0400

ActionController::RoutingError (No route matches [POST] "/articles/new"):
  actionpack (4.0.3) lib/action_dispatch/middleware/debug_exceptions.rb:21:in `call'
  actionpack (4.0.3) lib/action_dispatch/middleware/show_exceptions.rb:30:in `call'
  railties (4.0.3) lib/rails/rack/logger.rb:38:in `call_app'
  railties (4.0.3) lib/rails/rack/logger.rb:20:in `block in call'
  activesupport (4.0.3) lib/active_support/tagged_logging.rb:67:in `block in tagged'
  activesupport (4.0.3) lib/active_support/tagged_logging.rb:25:in `tagged'
  activesupport (4.0.3) lib/active_support/tagged_logging.rb:67:in `tagged'
  railties (4.0.3) lib/rails/rack/logger.rb:20:in `call'
  actionpack (4.0.3) lib/action_dispatch/middleware/request_id.rb:21:in `call'
  rack (1.5.5) lib/rack/methodoverride.rb:21:in `call'
  rack (1.5.5) lib/rack/runtime.rb:17:in `call'
  activesupport (4.0.3) lib/active_support/cache/strategy/local_cache.rb:83:in `call'
  rack (1.5.5) lib/rack/lock.rb:17:in `call'
  actionpack (4.0.3) lib/action_dispatch/middleware/static.rb:64:in `call'
  rack (1.5.5) lib/rack/sendfile.rb:112:in `call'
  railties (4.0.3) lib/rails/engine.rb:511:in `call'
  railties (4.0.3) lib/rails/application.rb:97:in `call'
  rack (1.5.5) lib/rack/lock.rb:17:in `call'
  rack (1.5.5) lib/rack/content_length.rb:14:in `call'
  rack (1.5.5) lib/rack/handler/webrick.rb:60:in `service'
  /Users/isha.kasliwal/.rvm/rubies/ruby-2.1.0/lib/ruby/2.1.0/webrick/httpserver.rb:138:in `service'
  /Users/isha.kasliwal/.rvm/rubies/ruby-2.1.0/lib/ruby/2.1.0/webrick/httpserver.rb:94:in `run'
  /Users/isha.kasliwal/.rvm/rubies/ruby-2.1.0/lib/ruby/2.1.0/webrick/server.rb:295:in `block in start_thread'


  Rendered /Users/isha.kasliwal/.rvm/gems/ruby-2.1.0/gems/actionpack-4.0.3/lib/action_dispatch/middleware/templates/rescues/_trace.erb (0.9ms)
  Rendered /Users/isha.kasliwal/.rvm/gems/ruby-2.1.0/gems/actionpack-4.0.3/lib/action_dispatch/middleware/templates/routes/_route.html.erb (1.5ms)
  Rendered /Users/isha.kasliwal/.rvm/gems/ruby-2.1.0/gems/actionpack-4.0.3/lib/action_dispatch/middleware/templates/routes/_table.html.erb (1.0ms)
  Rendered /Users/isha.kasliwal/.rvm/gems/ruby-2.1.0/gems/actionpack-4.0.3/lib/action_dispatch/middleware/templates/rescues/routing_error.erb within rescues/layout (17.5ms)


Started POST "/articles/new" for 127.0.0.1 at 2015-07-14 01:52:38 -0400

ActionController::RoutingError (No route matches [POST] "/articles/new"):
  actionpack (4.0.3) lib/action_dispatch/middleware/debug_exceptions.rb:21:in `call'
  actionpack (4.0.3) lib/action_dispatch/middleware/show_exceptions.rb:30:in `call'
  railties (4.0.3) lib/rails/rack/logger.rb:38:in `call_app'
  railties (4.0.3) lib/rails/rack/logger.rb:20:in `block in call'
  activesupport (4.0.3) lib/active_support/tagged_logging.rb:67:in `block in tagged'
  activesupport (4.0.3) lib/active_support/tagged_logging.rb:25:in `tagged'
  activesupport (4.0.3) lib/active_support/tagged_logging.rb:67:in `tagged'
  railties (4.0.3) lib/rails/rack/logger.rb:20:in `call'
  actionpack (4.0.3) lib/action_dispatch/middleware/request_id.rb:21:in `call'
  rack (1.5.5) lib/rack/methodoverride.rb:21:in `call'
  rack (1.5.5) lib/rack/runtime.rb:17:in `call'
  activesupport (4.0.3) lib/active_support/cache/strategy/local_cache.rb:83:in `call'
  rack (1.5.5) lib/rack/lock.rb:17:in `call'
  actionpack (4.0.3) lib/action_dispatch/middleware/static.rb:64:in `call'
  rack (1.5.5) lib/rack/sendfile.rb:112:in `call'
  railties (4.0.3) lib/rails/engine.rb:511:in `call'
  railties (4.0.3) lib/rails/application.rb:97:in `call'
  rack (1.5.5) lib/rack/lock.rb:17:in `call'
  rack (1.5.5) lib/rack/content_length.rb:14:in `call'
  rack (1.5.5) lib/rack/handler/webrick.rb:60:in `service'
  /Users/isha.kasliwal/.rvm/rubies/ruby-2.1.0/lib/ruby/2.1.0/webrick/httpserver.rb:138:in `service'
  /Users/isha.kasliwal/.rvm/rubies/ruby-2.1.0/lib/ruby/2.1.0/webrick/httpserver.rb:94:in `run'
  /Users/isha.kasliwal/.rvm/rubies/ruby-2.1.0/lib/ruby/2.1.0/webrick/server.rb:295:in `block in start_thread'


  Rendered /Users/isha.kasliwal/.rvm/gems/ruby-2.1.0/gems/actionpack-4.0.3/lib/action_dispatch/middleware/templates/rescues/_trace.erb (1.1ms)
  Rendered /Users/isha.kasliwal/.rvm/gems/ruby-2.1.0/gems/actionpack-4.0.3/lib/action_dispatch/middleware/templates/routes/_route.html.erb (1.1ms)
  Rendered /Users/isha.kasliwal/.rvm/gems/ruby-2.1.0/gems/actionpack-4.0.3/lib/action_dispatch/middleware/templates/routes/_table.html.erb (1.1ms)
  Rendered /Users/isha.kasliwal/.rvm/gems/ruby-2.1.0/gems/actionpack-4.0.3/lib/action_dispatch/middleware/templates/rescues/routing_error.erb within rescues/layout (17.9ms)


Started GET "/articles/new" for 127.0.0.1 at 2015-07-14 01:52:40 -0400
Processing by ArticlesController#new as HTML
  Rendered articles/new.html.erb within layouts/application (1.3ms)
Completed 200 OK in 6ms (Views: 5.0ms | ActiveRecord: 0.0ms)


Started GET "/assets/application.css?body=1" for 127.0.0.1 at 2015-07-14 01:52:40 -0400


Started GET "/assets/articles.css?body=1" for 127.0.0.1 at 2015-07-14 01:52:40 -0400


Started GET "/assets/jquery_ujs.js?body=1" for 127.0.0.1 at 2015-07-14 01:52:40 -0400


Started GET "/assets/turbolinks.js?body=1" for 127.0.0.1 at 2015-07-14 01:52:40 -0400


Started GET "/assets/welcome.css?body=1" for 127.0.0.1 at 2015-07-14 01:52:40 -0400


Started GET "/assets/jquery.js?body=1" for 127.0.0.1 at 2015-07-14 01:52:40 -0400


Started GET "/assets/articles.js?body=1" for 127.0.0.1 at 2015-07-14 01:52:40 -0400


Started GET "/assets/welcome.js?body=1" for 127.0.0.1 at 2015-07-14 01:52:40 -0400


Started GET "/assets/application.js?body=1" for 127.0.0.1 at 2015-07-14 01:52:40 -0400


Started POST "/articles" for 127.0.0.1 at 2015-07-14 01:52:43 -0400
Processing by ArticlesController#create as HTML
  Parameters: {"utf8"=>"✓", "authenticity_token"=>"N/esAiyiJtLecmFiLNJFOw9wJDgp0rkKG/vMMevRDGA=", "article"=>{"title"=>"as", "text"=>"asdsa"}, "commit"=>"Save Article"}
Completed 500 Internal Server Error in 7ms

NoMethodError (undefined method `  render' for #<ArticlesController:0x00000102fb8990>):
  app/controllers/articles_controller.rb:5:in `create'


  Rendered /Users/isha.kasliwal/.rvm/gems/ruby-2.1.0/gems/actionpack-4.0.3/lib/action_dispatch/middleware/templates/rescues/_source.erb (0.8ms)
  Rendered /Users/isha.kasliwal/.rvm/gems/ruby-2.1.0/gems/actionpack-4.0.3/lib/action_dispatch/middleware/templates/rescues/_trace.erb (1.8ms)
  Rendered /Users/isha.kasliwal/.rvm/gems/ruby-2.1.0/gems/actionpack-4.0.3/lib/action_dispatch/middleware/templates/rescues/_request_and_response.erb (1.1ms)
  Rendered /Users/isha.kasliwal/.rvm/gems/ruby-2.1.0/gems/actionpack-4.0.3/lib/action_dispatch/middleware/templates/rescues/diagnostics.erb within rescues/layout (20.9ms)
  [1m[36m (1.0ms)[0m  [1mCREATE TABLE "schema_migrations" ("version" varchar(255) NOT NULL) [0m
  [1m[35m (0.8ms)[0m  CREATE UNIQUE INDEX "unique_schema_migrations" ON "schema_migrations" ("version")
  [1m[36mActiveRecord::SchemaMigration Load (0.1ms)[0m  [1mSELECT "schema_migrations".* FROM "schema_migrations"[0m
Migrating to CreateArticles (20150714055532)
  [1m[35m (0.0ms)[0m  begin transaction
  [1m[36m (0.3ms)[0m  [1mCREATE TABLE "articles" ("id" INTEGER PRIMARY KEY AUTOINCREMENT NOT NULL, "title" varchar(255), "text" text, "created_at" datetime, "updated_at" datetime) [0m
  [1m[35mSQL (0.3ms)[0m  INSERT INTO "schema_migrations" ("version") VALUES (?)  [["version", "20150714055532"]]
  [1m[36m (0.6ms)[0m  [1mcommit transaction[0m
  [1m[35mActiveRecord::SchemaMigration Load (0.1ms)[0m  SELECT "schema_migrations".* FROM "schema_migrations"


Started GET "/" for 127.0.0.1 at 2015-08-06 01:35:10 -0400
  [1m[36mActiveRecord::SchemaMigration Load (0.4ms)[0m  [1mSELECT "schema_migrations".* FROM "schema_migrations"[0m
Processing by WelcomeController#index as HTML
  Rendered welcome/index.html.erb within layouts/application (1.6ms)
Completed 200 OK in 190ms (Views: 171.4ms | ActiveRecord: 0.0ms)


Started GET "/assets/application.css?body=1" for 127.0.0.1 at 2015-08-06 01:35:11 -0400


Started GET "/assets/articles.css?body=1" for 127.0.0.1 at 2015-08-06 01:35:11 -0400


Started GET "/assets/welcome.css?body=1" for 127.0.0.1 at 2015-08-06 01:35:11 -0400


Started GET "/assets/turbolinks.js?body=1" for 127.0.0.1 at 2015-08-06 01:35:11 -0400


Started GET "/assets/jquery_ujs.js?body=1" for 127.0.0.1 at 2015-08-06 01:35:11 -0400


Started GET "/assets/articles.js?body=1" for 127.0.0.1 at 2015-08-06 01:35:11 -0400


Started GET "/assets/welcome.js?body=1" for 127.0.0.1 at 2015-08-06 01:35:11 -0400


Started GET "/assets/application.js?body=1" for 127.0.0.1 at 2015-08-06 01:35:11 -0400


Started GET "/assets/jquery.js?body=1" for 127.0.0.1 at 2015-08-06 01:35:11 -0400


Started GET "/articles/new" for 127.0.0.1 at 2015-08-06 01:42:43 -0400
Processing by ArticlesController#new as HTML
  Rendered articles/new.html.erb within layouts/application (17.7ms)
Completed 200 OK in 27ms (Views: 25.4ms | ActiveRecord: 0.0ms)


Started GET "/assets/jquery.js?body=1" for 127.0.0.1 at 2015-08-06 01:42:43 -0400


Started POST "/articles" for 127.0.0.1 at 2015-08-06 01:43:18 -0400
Processing by ArticlesController#create as HTML
  Parameters: {"utf8"=>"✓", "authenticity_token"=>"N/esAiyiJtLecmFiLNJFOw9wJDgp0rkKG/vMMevRDGA=", "article"=>{"title"=>"", "text"=>""}, "commit"=>"Save Article"}
Completed 500 Internal Server Error in 5ms

NoMethodError (undefined method `  render' for #<ArticlesController:0x000001012934a0>):
  app/controllers/articles_controller.rb:10:in `create'


  Rendered /Users/isha.kasliwal/.rvm/gems/ruby-2.1.0/gems/actionpack-4.0.3/lib/action_dispatch/middleware/templates/rescues/_source.erb (0.9ms)
  Rendered /Users/isha.kasliwal/.rvm/gems/ruby-2.1.0/gems/actionpack-4.0.3/lib/action_dispatch/middleware/templates/rescues/_trace.erb (1.4ms)
  Rendered /Users/isha.kasliwal/.rvm/gems/ruby-2.1.0/gems/actionpack-4.0.3/lib/action_dispatch/middleware/templates/rescues/_request_and_response.erb (1.0ms)
  Rendered /Users/isha.kasliwal/.rvm/gems/ruby-2.1.0/gems/actionpack-4.0.3/lib/action_dispatch/middleware/templates/rescues/diagnostics.erb within rescues/layout (21.5ms)


Started POST "/articles" for 127.0.0.1 at 2015-08-06 01:44:36 -0400
Processing by ArticlesController#create as HTML
  Parameters: {"utf8"=>"✓", "authenticity_token"=>"N/esAiyiJtLecmFiLNJFOw9wJDgp0rkKG/vMMevRDGA=", "article"=>{"title"=>"Yo dawg", "text"=>"Yo dawg"}, "commit"=>"Save Article"}
Completed 500 Internal Server Error in 4ms

NoMethodError (undefined method `  render' for #<ArticlesController:0x000001010d8d68>):
  app/controllers/articles_controller.rb:10:in `create'


  Rendered /Users/isha.kasliwal/.rvm/gems/ruby-2.1.0/gems/actionpack-4.0.3/lib/action_dispatch/middleware/templates/rescues/_source.erb (0.6ms)
  Rendered /Users/isha.kasliwal/.rvm/gems/ruby-2.1.0/gems/actionpack-4.0.3/lib/action_dispatch/middleware/templates/rescues/_trace.erb (2.1ms)
  Rendered /Users/isha.kasliwal/.rvm/gems/ruby-2.1.0/gems/actionpack-4.0.3/lib/action_dispatch/middleware/templates/rescues/_request_and_response.erb (0.9ms)
  Rendered /Users/isha.kasliwal/.rvm/gems/ruby-2.1.0/gems/actionpack-4.0.3/lib/action_dispatch/middleware/templates/rescues/diagnostics.erb within rescues/layout (17.6ms)
  [1m[36mActiveRecord::SchemaMigration Load (0.1ms)[0m  [1mSELECT "schema_migrations".* FROM "schema_migrations"[0m
  [1m[35mActiveRecord::SchemaMigration Load (0.1ms)[0m  SELECT "schema_migrations".* FROM "schema_migrations"


Started GET "/articles/new" for 127.0.0.1 at 2015-08-06 01:53:20 -0400
Processing by ArticlesController#new as HTML
  Rendered articles/new.html.erb within layouts/application (1.1ms)
Completed 200 OK in 6ms (Views: 5.4ms | ActiveRecord: 0.0ms)


Started GET "/assets/articles.css?body=1" for 127.0.0.1 at 2015-08-06 01:53:21 -0400


Started GET "/assets/application.css?body=1" for 127.0.0.1 at 2015-08-06 01:53:21 -0400


Started GET "/assets/welcome.css?body=1" for 127.0.0.1 at 2015-08-06 01:53:21 -0400


Started GET "/assets/jquery.js?body=1" for 127.0.0.1 at 2015-08-06 01:53:21 -0400


Started GET "/assets/turbolinks.js?body=1" for 127.0.0.1 at 2015-08-06 01:53:21 -0400


Started GET "/assets/jquery_ujs.js?body=1" for 127.0.0.1 at 2015-08-06 01:53:21 -0400


Started GET "/assets/articles.js?body=1" for 127.0.0.1 at 2015-08-06 01:53:21 -0400


Started GET "/assets/welcome.js?body=1" for 127.0.0.1 at 2015-08-06 01:53:21 -0400


Started GET "/assets/application.js?body=1" for 127.0.0.1 at 2015-08-06 01:53:21 -0400


Started GET "/articles/new" for 127.0.0.1 at 2015-08-06 01:53:22 -0400
Processing by ArticlesController#new as HTML
  Rendered articles/new.html.erb within layouts/application (1.8ms)
Completed 200 OK in 7ms (Views: 6.1ms | ActiveRecord: 0.0ms)


Started GET "/assets/application.css?body=1" for 127.0.0.1 at 2015-08-06 01:53:22 -0400


Started GET "/assets/welcome.css?body=1" for 127.0.0.1 at 2015-08-06 01:53:22 -0400


Started GET "/assets/articles.css?body=1" for 127.0.0.1 at 2015-08-06 01:53:22 -0400


Started GET "/assets/jquery_ujs.js?body=1" for 127.0.0.1 at 2015-08-06 01:53:22 -0400


Started GET "/assets/turbolinks.js?body=1" for 127.0.0.1 at 2015-08-06 01:53:22 -0400


Started GET "/assets/jquery.js?body=1" for 127.0.0.1 at 2015-08-06 01:53:22 -0400


Started GET "/assets/welcome.js?body=1" for 127.0.0.1 at 2015-08-06 01:53:22 -0400


Started GET "/assets/application.js?body=1" for 127.0.0.1 at 2015-08-06 01:53:22 -0400


Started GET "/assets/articles.js?body=1" for 127.0.0.1 at 2015-08-06 01:53:22 -0400


Started POST "/articles" for 127.0.0.1 at 2015-08-06 01:53:26 -0400
Processing by ArticlesController#create as HTML
  Parameters: {"utf8"=>"✓", "authenticity_token"=>"N/esAiyiJtLecmFiLNJFOw9wJDgp0rkKG/vMMevRDGA=", "article"=>{"title"=>"yo", "text"=>"yo"}, "commit"=>"Save Article"}
Completed 500 Internal Server Error in 4ms

ActiveModel::ForbiddenAttributesError (ActiveModel::ForbiddenAttributesError):
  app/controllers/articles_controller.rb:10:in `create'


  Rendered /Users/isha.kasliwal/.rvm/gems/ruby-2.1.0/gems/actionpack-4.0.3/lib/action_dispatch/middleware/templates/rescues/_source.erb (0.6ms)
  Rendered /Users/isha.kasliwal/.rvm/gems/ruby-2.1.0/gems/actionpack-4.0.3/lib/action_dispatch/middleware/templates/rescues/_trace.erb (1.0ms)
  Rendered /Users/isha.kasliwal/.rvm/gems/ruby-2.1.0/gems/actionpack-4.0.3/lib/action_dispatch/middleware/templates/rescues/_request_and_response.erb (1.0ms)
  Rendered /Users/isha.kasliwal/.rvm/gems/ruby-2.1.0/gems/actionpack-4.0.3/lib/action_dispatch/middleware/templates/rescues/diagnostics.erb within rescues/layout (12.6ms)


Started GET "/articles/new" for 127.0.0.1 at 2015-08-06 02:02:21 -0400
Processing by ArticlesController#new as HTML
  Rendered articles/new.html.erb within layouts/application (0.9ms)
Completed 200 OK in 5ms (Views: 4.6ms | ActiveRecord: 0.0ms)


Started GET "/assets/articles.css?body=1" for 127.0.0.1 at 2015-08-06 02:02:21 -0400


Started GET "/assets/welcome.css?body=1" for 127.0.0.1 at 2015-08-06 02:02:21 -0400


Started GET "/assets/jquery_ujs.js?body=1" for 127.0.0.1 at 2015-08-06 02:02:21 -0400


Started GET "/assets/turbolinks.js?body=1" for 127.0.0.1 at 2015-08-06 02:02:21 -0400


Started GET "/assets/jquery.js?body=1" for 127.0.0.1 at 2015-08-06 02:02:21 -0400


Started GET "/assets/application.css?body=1" for 127.0.0.1 at 2015-08-06 02:02:21 -0400


Started GET "/assets/articles.js?body=1" for 127.0.0.1 at 2015-08-06 02:02:21 -0400


Started GET "/assets/welcome.js?body=1" for 127.0.0.1 at 2015-08-06 02:02:21 -0400


Started GET "/assets/application.js?body=1" for 127.0.0.1 at 2015-08-06 02:02:21 -0400


Started POST "/articles" for 127.0.0.1 at 2015-08-06 02:02:28 -0400
Processing by ArticlesController#create as HTML
  Parameters: {"utf8"=>"✓", "authenticity_token"=>"N/esAiyiJtLecmFiLNJFOw9wJDgp0rkKG/vMMevRDGA=", "article"=>{"title"=>"hello", "text"=>"hello dude"}, "commit"=>"Save Article"}
  [1m[35m (0.1ms)[0m  begin transaction
  [1m[36mSQL (5.3ms)[0m  [1mINSERT INTO "articles" ("created_at", "text", "title", "updated_at") VALUES (?, ?, ?, ?)[0m  [["created_at", Thu, 06 Aug 2015 06:02:28 UTC +00:00], ["text", "hello dude"], ["title", "hello"], ["updated_at", Thu, 06 Aug 2015 06:02:28 UTC +00:00]]
  [1m[35m (0.6ms)[0m  commit transaction
Redirected to http://localhost:3000/articles/1
Completed 302 Found in 20ms (ActiveRecord: 6.7ms)


Started GET "/articles/1" for 127.0.0.1 at 2015-08-06 02:02:28 -0400
Processing by ArticlesController#show as HTML
  Parameters: {"id"=>"1"}
  [1m[36mArticle Load (0.2ms)[0m  [1mSELECT "articles".* FROM "articles" WHERE "articles"."id" = ? LIMIT 1[0m  [["id", "1"]]
  Rendered articles/show.html.erb within layouts/application (0.4ms)
Completed 200 OK in 8ms (Views: 5.7ms | ActiveRecord: 0.2ms)


Started GET "/assets/welcome.css?body=1" for 127.0.0.1 at 2015-08-06 02:02:28 -0400


Started GET "/assets/articles.css?body=1" for 127.0.0.1 at 2015-08-06 02:02:28 -0400


Started GET "/assets/application.css?body=1" for 127.0.0.1 at 2015-08-06 02:02:28 -0400


Started GET "/assets/jquery.js?body=1" for 127.0.0.1 at 2015-08-06 02:02:28 -0400


Started GET "/assets/jquery_ujs.js?body=1" for 127.0.0.1 at 2015-08-06 02:02:28 -0400


Started GET "/assets/turbolinks.js?body=1" for 127.0.0.1 at 2015-08-06 02:02:28 -0400


Started GET "/assets/articles.js?body=1" for 127.0.0.1 at 2015-08-06 02:02:28 -0400


Started GET "/assets/welcome.js?body=1" for 127.0.0.1 at 2015-08-06 02:02:28 -0400


Started GET "/assets/application.js?body=1" for 127.0.0.1 at 2015-08-06 02:02:28 -0400


Started GET "/articles/1" for 127.0.0.1 at 2015-08-06 02:06:50 -0400
Processing by ArticlesController#show as HTML
  Parameters: {"id"=>"1"}
  [1m[35mArticle Load (0.1ms)[0m  SELECT "articles".* FROM "articles" WHERE "articles"."id" = ? LIMIT 1  [["id", "1"]]
  Rendered articles/show.html.erb within layouts/application (0.1ms)
Completed 200 OK in 10ms (Views: 4.2ms | ActiveRecord: 0.5ms)


Started GET "/assets/articles.css?body=1" for 127.0.0.1 at 2015-08-06 02:06:50 -0400


Started GET "/assets/jquery.js?body=1" for 127.0.0.1 at 2015-08-06 02:06:51 -0400


Started GET "/assets/turbolinks.js?body=1" for 127.0.0.1 at 2015-08-06 02:06:51 -0400


Started GET "/assets/jquery_ujs.js?body=1" for 127.0.0.1 at 2015-08-06 02:06:51 -0400


Started GET "/assets/welcome.css?body=1" for 127.0.0.1 at 2015-08-06 02:06:51 -0400


Started GET "/assets/application.css?body=1" for 127.0.0.1 at 2015-08-06 02:06:51 -0400


Started GET "/assets/articles.js?body=1" for 127.0.0.1 at 2015-08-06 02:06:51 -0400


Started GET "/assets/welcome.js?body=1" for 127.0.0.1 at 2015-08-06 02:06:51 -0400


Started GET "/assets/application.js?body=1" for 127.0.0.1 at 2015-08-06 02:06:51 -0400


Started GET "/articles" for 127.0.0.1 at 2015-08-06 02:06:58 -0400
Processing by ArticlesController#index as HTML
Completed 500 Internal Server Error in 2ms

ActionView::MissingTemplate (Missing template articles/index, application/index with {:locale=>[:en], :formats=>[:html], :handlers=>[:erb, :builder, :raw, :ruby, :jbuilder, :coffee]}. Searched in:
  * "/Users/isha.kasliwal/Development/one-a-day/blog/app/views"
):
  actionpack (4.0.3) lib/action_view/path_set.rb:46:in `find'
  actionpack (4.0.3) lib/action_view/lookup_context.rb:122:in `find'
  actionpack (4.0.3) lib/action_view/renderer/abstract_renderer.rb:18:in `find_template'
  actionpack (4.0.3) lib/action_view/renderer/template_renderer.rb:35:in `determine_template'
  actionpack (4.0.3) lib/action_view/renderer/template_renderer.rb:8:in `render'
  actionpack (4.0.3) lib/action_view/renderer/renderer.rb:42:in `render_template'
  actionpack (4.0.3) lib/action_view/renderer/renderer.rb:23:in `render'
  actionpack (4.0.3) lib/abstract_controller/rendering.rb:127:in `_render_template'
  actionpack (4.0.3) lib/action_controller/metal/streaming.rb:219:in `_render_template'
  actionpack (4.0.3) lib/abstract_controller/rendering.rb:120:in `render_to_body'
  actionpack (4.0.3) lib/action_controller/metal/rendering.rb:33:in `render_to_body'
  actionpack (4.0.3) lib/action_controller/metal/renderers.rb:26:in `render_to_body'
  actionpack (4.0.3) lib/abstract_controller/rendering.rb:97:in `render'
  actionpack (4.0.3) lib/action_controller/metal/rendering.rb:16:in `render'
  actionpack (4.0.3) lib/action_controller/metal/instrumentation.rb:41:in `block (2 levels) in render'
  activesupport (4.0.3) lib/active_support/core_ext/benchmark.rb:12:in `block in ms'
  /Users/isha.kasliwal/.rvm/rubies/ruby-2.1.0/lib/ruby/2.1.0/benchmark.rb:294:in `realtime'
  activesupport (4.0.3) lib/active_support/core_ext/benchmark.rb:12:in `ms'
  actionpack (4.0.3) lib/action_controller/metal/instrumentation.rb:41:in `block in render'
  actionpack (4.0.3) lib/action_controller/metal/instrumentation.rb:84:in `cleanup_view_runtime'
  activerecord (4.0.3) lib/active_record/railties/controller_runtime.rb:25:in `cleanup_view_runtime'
  actionpack (4.0.3) lib/action_controller/metal/instrumentation.rb:40:in `render'
  actionpack (4.0.3) lib/action_controller/metal/implicit_render.rb:10:in `default_render'
  actionpack (4.0.3) lib/action_controller/metal/implicit_render.rb:5:in `send_action'
  actionpack (4.0.3) lib/abstract_controller/base.rb:189:in `process_action'
  actionpack (4.0.3) lib/action_controller/metal/rendering.rb:10:in `process_action'
  actionpack (4.0.3) lib/abstract_controller/callbacks.rb:18:in `block in process_action'
  activesupport (4.0.3) lib/active_support/callbacks.rb:403:in `_run__2351935137702921985__process_action__callbacks'
  activesupport (4.0.3) lib/active_support/callbacks.rb:80:in `run_callbacks'
  actionpack (4.0.3) lib/abstract_controller/callbacks.rb:17:in `process_action'
  actionpack (4.0.3) lib/action_controller/metal/rescue.rb:29:in `process_action'
  actionpack (4.0.3) lib/action_controller/metal/instrumentation.rb:31:in `block in process_action'
  activesupport (4.0.3) lib/active_support/notifications.rb:159:in `block in instrument'
  activesupport (4.0.3) lib/active_support/notifications/instrumenter.rb:20:in `instrument'
  activesupport (4.0.3) lib/active_support/notifications.rb:159:in `instrument'
  actionpack (4.0.3) lib/action_controller/metal/instrumentation.rb:30:in `process_action'
  actionpack (4.0.3) lib/action_controller/metal/params_wrapper.rb:245:in `process_action'
  activerecord (4.0.3) lib/active_record/railties/controller_runtime.rb:18:in `process_action'
  actionpack (4.0.3) lib/abstract_controller/base.rb:136:in `process'
  actionpack (4.0.3) lib/abstract_controller/rendering.rb:44:in `process'
  actionpack (4.0.3) lib/action_controller/metal.rb:195:in `dispatch'
  actionpack (4.0.3) lib/action_controller/metal/rack_delegation.rb:13:in `dispatch'
  actionpack (4.0.3) lib/action_controller/metal.rb:231:in `block in action'
  actionpack (4.0.3) lib/action_dispatch/routing/route_set.rb:80:in `call'
  actionpack (4.0.3) lib/action_dispatch/routing/route_set.rb:80:in `dispatch'
  actionpack (4.0.3) lib/action_dispatch/routing/route_set.rb:48:in `call'
  actionpack (4.0.3) lib/action_dispatch/journey/router.rb:71:in `block in call'
  actionpack (4.0.3) lib/action_dispatch/journey/router.rb:59:in `each'
  actionpack (4.0.3) lib/action_dispatch/journey/router.rb:59:in `call'
  actionpack (4.0.3) lib/action_dispatch/routing/route_set.rb:680:in `call'
  rack (1.5.5) lib/rack/etag.rb:23:in `call'
  rack (1.5.5) lib/rack/conditionalget.rb:25:in `call'
  rack (1.5.5) lib/rack/head.rb:11:in `call'
  actionpack (4.0.3) lib/action_dispatch/middleware/params_parser.rb:27:in `call'
  actionpack (4.0.3) lib/action_dispatch/middleware/flash.rb:241:in `call'
  rack (1.5.5) lib/rack/session/abstract/id.rb:225:in `context'
  rack (1.5.5) lib/rack/session/abstract/id.rb:220:in `call'
  actionpack (4.0.3) lib/action_dispatch/middleware/cookies.rb:486:in `call'
  activerecord (4.0.3) lib/active_record/query_cache.rb:36:in `call'
  activerecord (4.0.3) lib/active_record/connection_adapters/abstract/connection_pool.rb:626:in `call'
  activerecord (4.0.3) lib/active_record/migration.rb:369:in `call'
  actionpack (4.0.3) lib/action_dispatch/middleware/callbacks.rb:29:in `block in call'
  activesupport (4.0.3) lib/active_support/callbacks.rb:373:in `_run__1465093897443787004__call__callbacks'
  activesupport (4.0.3) lib/active_support/callbacks.rb:80:in `run_callbacks'
  actionpack (4.0.3) lib/action_dispatch/middleware/callbacks.rb:27:in `call'
  actionpack (4.0.3) lib/action_dispatch/middleware/reloader.rb:64:in `call'
  actionpack (4.0.3) lib/action_dispatch/middleware/remote_ip.rb:76:in `call'
  actionpack (4.0.3) lib/action_dispatch/middleware/debug_exceptions.rb:17:in `call'
  actionpack (4.0.3) lib/action_dispatch/middleware/show_exceptions.rb:30:in `call'
  railties (4.0.3) lib/rails/rack/logger.rb:38:in `call_app'
  railties (4.0.3) lib/rails/rack/logger.rb:20:in `block in call'
  activesupport (4.0.3) lib/active_support/tagged_logging.rb:67:in `block in tagged'
  activesupport (4.0.3) lib/active_support/tagged_logging.rb:25:in `tagged'
  activesupport (4.0.3) lib/active_support/tagged_logging.rb:67:in `tagged'
  railties (4.0.3) lib/rails/rack/logger.rb:20:in `call'
  actionpack (4.0.3) lib/action_dispatch/middleware/request_id.rb:21:in `call'
  rack (1.5.5) lib/rack/methodoverride.rb:21:in `call'
  rack (1.5.5) lib/rack/runtime.rb:17:in `call'
  activesupport (4.0.3) lib/active_support/cache/strategy/local_cache.rb:83:in `call'
  rack (1.5.5) lib/rack/lock.rb:17:in `call'
  actionpack (4.0.3) lib/action_dispatch/middleware/static.rb:64:in `call'
  rack (1.5.5) lib/rack/sendfile.rb:112:in `call'
  railties (4.0.3) lib/rails/engine.rb:511:in `call'
  railties (4.0.3) lib/rails/application.rb:97:in `call'
  rack (1.5.5) lib/rack/lock.rb:17:in `call'
  rack (1.5.5) lib/rack/content_length.rb:14:in `call'
  rack (1.5.5) lib/rack/handler/webrick.rb:60:in `service'
  /Users/isha.kasliwal/.rvm/rubies/ruby-2.1.0/lib/ruby/2.1.0/webrick/httpserver.rb:138:in `service'
  /Users/isha.kasliwal/.rvm/rubies/ruby-2.1.0/lib/ruby/2.1.0/webrick/httpserver.rb:94:in `run'
  /Users/isha.kasliwal/.rvm/rubies/ruby-2.1.0/lib/ruby/2.1.0/webrick/server.rb:295:in `block in start_thread'


  Rendered /Users/isha.kasliwal/.rvm/gems/ruby-2.1.0/gems/actionpack-4.0.3/lib/action_dispatch/middleware/templates/rescues/missing_template.erb within rescues/layout (0.5ms)


Started GET "/articles" for 127.0.0.1 at 2015-08-06 02:07:47 -0400
Processing by ArticlesController#index as HTML
  [1m[36mArticle Load (0.1ms)[0m  [1mSELECT "articles".* FROM "articles"[0m
  Rendered articles/index.html.erb within layouts/application (1.1ms)
Completed 200 OK in 6ms (Views: 5.8ms | ActiveRecord: 0.1ms)


Started GET "/assets/articles.css?body=1" for 127.0.0.1 at 2015-08-06 02:07:47 -0400


Started GET "/assets/application.css?body=1" for 127.0.0.1 at 2015-08-06 02:07:47 -0400


Started GET "/assets/jquery.js?body=1" for 127.0.0.1 at 2015-08-06 02:07:47 -0400


Started GET "/assets/welcome.css?body=1" for 127.0.0.1 at 2015-08-06 02:07:47 -0400


Started GET "/assets/jquery_ujs.js?body=1" for 127.0.0.1 at 2015-08-06 02:07:47 -0400


Started GET "/assets/turbolinks.js?body=1" for 127.0.0.1 at 2015-08-06 02:07:47 -0400


Started GET "/assets/welcome.js?body=1" for 127.0.0.1 at 2015-08-06 02:07:47 -0400


Started GET "/assets/articles.js?body=1" for 127.0.0.1 at 2015-08-06 02:07:47 -0400


Started GET "/assets/application.js?body=1" for 127.0.0.1 at 2015-08-06 02:07:47 -0400


Started GET "/" for 127.0.0.1 at 2015-08-11 22:44:03 -0400
  [1m[36mActiveRecord::SchemaMigration Load (0.4ms)[0m  [1mSELECT "schema_migrations".* FROM "schema_migrations"[0m
Processing by WelcomeController#index as HTML
  Rendered welcome/index.html.erb within layouts/application (2.2ms)
Completed 200 OK in 76ms (Views: 60.2ms | ActiveRecord: 0.0ms)


Started GET "/assets/welcome.css?body=1" for 127.0.0.1 at 2015-08-11 22:44:04 -0400


Started GET "/assets/articles.css?body=1" for 127.0.0.1 at 2015-08-11 22:44:04 -0400


Started GET "/assets/turbolinks.js?body=1" for 127.0.0.1 at 2015-08-11 22:44:04 -0400


Started GET "/assets/jquery.js?body=1" for 127.0.0.1 at 2015-08-11 22:44:04 -0400


Started GET "/assets/jquery_ujs.js?body=1" for 127.0.0.1 at 2015-08-11 22:44:04 -0400


Started GET "/assets/application.css?body=1" for 127.0.0.1 at 2015-08-11 22:44:04 -0400


Started GET "/assets/articles.js?body=1" for 127.0.0.1 at 2015-08-11 22:44:04 -0400


Started GET "/assets/welcome.js?body=1" for 127.0.0.1 at 2015-08-11 22:44:04 -0400


Started GET "/assets/application.js?body=1" for 127.0.0.1 at 2015-08-11 22:44:04 -0400


Started GET "/articles" for 127.0.0.1 at 2015-08-11 22:47:16 -0400
Processing by ArticlesController#index as HTML
  [1m[35mArticle Load (0.5ms)[0m  SELECT "articles".* FROM "articles"
  Rendered articles/index.html.erb within layouts/application (5.4ms)
Completed 200 OK in 15ms (Views: 10.4ms | ActiveRecord: 0.8ms)


Started GET "/articles/new" for 127.0.0.1 at 2015-08-11 22:47:18 -0400
Processing by ArticlesController#new as HTML
  Rendered articles/_form.html.erb (16.1ms)
  Rendered articles/new.html.erb within layouts/application (20.2ms)
Completed 200 OK in 25ms (Views: 24.2ms | ActiveRecord: 0.0ms)


Started POST "/articles" for 127.0.0.1 at 2015-08-11 22:47:24 -0400
Processing by ArticlesController#create as HTML
  Parameters: {"utf8"=>"✓", "authenticity_token"=>"N/esAiyiJtLecmFiLNJFOw9wJDgp0rkKG/vMMevRDGA=", "article"=>{"title"=>"name", "text"=>"text"}, "commit"=>"Create Article"}
  [1m[36m (0.1ms)[0m  [1mbegin transaction[0m
  [1m[35m (0.1ms)[0m  rollback transaction
  Rendered articles/_form.html.erb (3.7ms)
  Rendered articles/new.html.erb within layouts/application (5.4ms)
Completed 200 OK in 13ms (Views: 10.6ms | ActiveRecord: 0.1ms)


Started GET "/assets/articles.css?body=1" for 127.0.0.1 at 2015-08-11 22:47:24 -0400


Started GET "/assets/application.css?body=1" for 127.0.0.1 at 2015-08-11 22:47:24 -0400


Started GET "/assets/jquery.js?body=1" for 127.0.0.1 at 2015-08-11 22:47:24 -0400


Started GET "/assets/welcome.css?body=1" for 127.0.0.1 at 2015-08-11 22:47:24 -0400


Started GET "/assets/jquery_ujs.js?body=1" for 127.0.0.1 at 2015-08-11 22:47:24 -0400


Started GET "/assets/turbolinks.js?body=1" for 127.0.0.1 at 2015-08-11 22:47:24 -0400


Started GET "/assets/articles.js?body=1" for 127.0.0.1 at 2015-08-11 22:47:24 -0400


Started GET "/assets/welcome.js?body=1" for 127.0.0.1 at 2015-08-11 22:47:24 -0400


Started GET "/assets/application.js?body=1" for 127.0.0.1 at 2015-08-11 22:47:24 -0400


Started POST "/articles" for 127.0.0.1 at 2015-08-11 22:51:54 -0400
Processing by ArticlesController#create as HTML
  Parameters: {"utf8"=>"✓", "authenticity_token"=>"N/esAiyiJtLecmFiLNJFOw9wJDgp0rkKG/vMMevRDGA=", "article"=>{"title"=>"blog post", "text"=>"this is my blog post!!!"}, "commit"=>"Create Article"}
  [1m[36m (0.3ms)[0m  [1mbegin transaction[0m
  [1m[35mSQL (7.1ms)[0m  INSERT INTO "articles" ("created_at", "text", "title", "updated_at") VALUES (?, ?, ?, ?)  [["created_at", Wed, 12 Aug 2015 02:51:54 UTC +00:00], ["text", "this is my blog post!!!"], ["title", "blog post"], ["updated_at", Wed, 12 Aug 2015 02:51:54 UTC +00:00]]
  [1m[36m (0.7ms)[0m  [1mcommit transaction[0m
Redirected to http://localhost:3000/articles/2
Completed 302 Found in 14ms (ActiveRecord: 8.2ms)


Started GET "/articles/2" for 127.0.0.1 at 2015-08-11 22:51:54 -0400
Processing by ArticlesController#show as HTML
  Parameters: {"id"=>"2"}
  [1m[35mArticle Load (0.2ms)[0m  SELECT "articles".* FROM "articles" WHERE "articles"."id" = ? LIMIT 1  [["id", "2"]]
  Rendered articles/show.html.erb within layouts/application (0.7ms)
Completed 200 OK in 7ms (Views: 5.1ms | ActiveRecord: 0.2ms)


Started GET "/assets/articles.css?body=1" for 127.0.0.1 at 2015-08-11 22:51:54 -0400


Started GET "/assets/welcome.css?body=1" for 127.0.0.1 at 2015-08-11 22:51:54 -0400


Started GET "/assets/jquery.js?body=1" for 127.0.0.1 at 2015-08-11 22:51:54 -0400


Started GET "/assets/jquery_ujs.js?body=1" for 127.0.0.1 at 2015-08-11 22:51:54 -0400


Started GET "/assets/application.css?body=1" for 127.0.0.1 at 2015-08-11 22:51:54 -0400


Started GET "/assets/turbolinks.js?body=1" for 127.0.0.1 at 2015-08-11 22:51:54 -0400


Started GET "/assets/articles.js?body=1" for 127.0.0.1 at 2015-08-11 22:51:54 -0400


Started GET "/assets/application.js?body=1" for 127.0.0.1 at 2015-08-11 22:51:54 -0400


Started GET "/assets/welcome.js?body=1" for 127.0.0.1 at 2015-08-11 22:51:54 -0400


Started GET "/articles" for 127.0.0.1 at 2015-08-11 22:51:56 -0400
Processing by ArticlesController#index as HTML
  [1m[36mArticle Load (0.1ms)[0m  [1mSELECT "articles".* FROM "articles"[0m
  Rendered articles/index.html.erb within layouts/application (1.7ms)
Completed 200 OK in 8ms (Views: 7.5ms | ActiveRecord: 0.1ms)


Started DELETE "/articles/1" for 127.0.0.1 at 2015-08-11 22:54:12 -0400
Processing by ArticlesController#destroy as HTML
  Parameters: {"authenticity_token"=>"N/esAiyiJtLecmFiLNJFOw9wJDgp0rkKG/vMMevRDGA=", "id"=>"1"}
  [1m[35mArticle Load (0.1ms)[0m  SELECT "articles".* FROM "articles" WHERE "articles"."id" = ? LIMIT 1  [["id", "1"]]
  [1m[36m (0.1ms)[0m  [1mbegin transaction[0m
  [1m[35mSQL (0.4ms)[0m  DELETE FROM "articles" WHERE "articles"."id" = ?  [["id", 1]]
  [1m[36m (8.0ms)[0m  [1mcommit transaction[0m
Redirected to http://localhost:3000/articles
Completed 302 Found in 12ms (ActiveRecord: 8.6ms)


Started GET "/articles" for 127.0.0.1 at 2015-08-11 22:54:12 -0400
Processing by ArticlesController#index as HTML
  [1m[35mArticle Load (0.2ms)[0m  SELECT "articles".* FROM "articles"
  Rendered articles/index.html.erb within layouts/application (1.9ms)
Completed 200 OK in 8ms (Views: 7.0ms | ActiveRecord: 0.2ms)


Started GET "/assets/articles.css?body=1" for 127.0.0.1 at 2015-08-11 22:54:12 -0400


Started GET "/assets/welcome.css?body=1" for 127.0.0.1 at 2015-08-11 22:54:12 -0400


Started GET "/assets/jquery_ujs.js?body=1" for 127.0.0.1 at 2015-08-11 22:54:12 -0400


Started GET "/assets/articles.js?body=1" for 127.0.0.1 at 2015-08-11 22:54:12 -0400


Started GET "/assets/turbolinks.js?body=1" for 127.0.0.1 at 2015-08-11 22:54:12 -0400


Started GET "/assets/application.css?body=1" for 127.0.0.1 at 2015-08-11 22:54:12 -0400


Started GET "/assets/welcome.js?body=1" for 127.0.0.1 at 2015-08-11 22:54:12 -0400


Started GET "/assets/jquery.js?body=1" for 127.0.0.1 at 2015-08-11 22:54:12 -0400


Started GET "/assets/application.js?body=1" for 127.0.0.1 at 2015-08-11 22:54:12 -0400


Started GET "/" for 127.0.0.1 at 2015-08-11 23:00:13 -0400
Processing by WelcomeController#index as HTML
  Rendered welcome/index.html.erb within layouts/application (0.4ms)
Completed 200 OK in 5ms (Views: 5.0ms | ActiveRecord: 0.0ms)


Started GET "/assets/articles.css?body=1" for 127.0.0.1 at 2015-08-11 23:00:14 -0400


Started GET "/assets/application.css?body=1" for 127.0.0.1 at 2015-08-11 23:00:14 -0400


Started GET "/assets/welcome.css?body=1" for 127.0.0.1 at 2015-08-11 23:00:14 -0400


Started GET "/assets/jquery_ujs.js?body=1" for 127.0.0.1 at 2015-08-11 23:00:14 -0400


Started GET "/assets/jquery.js?body=1" for 127.0.0.1 at 2015-08-11 23:00:14 -0400


Started GET "/assets/turbolinks.js?body=1" for 127.0.0.1 at 2015-08-11 23:00:14 -0400


Started GET "/assets/articles.js?body=1" for 127.0.0.1 at 2015-08-11 23:00:14 -0400


Started GET "/assets/welcome.js?body=1" for 127.0.0.1 at 2015-08-11 23:00:14 -0400


Started GET "/assets/application.js?body=1" for 127.0.0.1 at 2015-08-11 23:00:14 -0400


Started GET "/articles" for 127.0.0.1 at 2015-08-11 23:00:18 -0400
Processing by ArticlesController#index as HTML
  [1m[36mArticle Load (0.1ms)[0m  [1mSELECT "articles".* FROM "articles"[0m
  Rendered articles/index.html.erb within layouts/application (1.2ms)
Completed 200 OK in 14ms (Views: 13.7ms | ActiveRecord: 0.1ms)


Started GET "/articles/new" for 127.0.0.1 at 2015-08-11 23:00:21 -0400
Processing by ArticlesController#new as HTML
  Rendered articles/_form.html.erb (1.6ms)
  Rendered articles/new.html.erb within layouts/application (2.7ms)
Completed 200 OK in 15ms (Views: 14.9ms | ActiveRecord: 0.0ms)


Started POST "/articles" for 127.0.0.1 at 2015-08-11 23:00:26 -0400
Processing by ArticlesController#create as HTML
  Parameters: {"utf8"=>"✓", "authenticity_token"=>"N/esAiyiJtLecmFiLNJFOw9wJDgp0rkKG/vMMevRDGA=", "article"=>{"title"=>"mayayaya", "text"=>"ajdkajkasdja"}, "commit"=>"Create Article"}
  [1m[35m (0.1ms)[0m  begin transaction
  [1m[36mSQL (0.8ms)[0m  [1mINSERT INTO "articles" ("created_at", "text", "title", "updated_at") VALUES (?, ?, ?, ?)[0m  [["created_at", Wed, 12 Aug 2015 03:00:26 UTC +00:00], ["text", "ajdkajkasdja"], ["title", "mayayaya"], ["updated_at", Wed, 12 Aug 2015 03:00:26 UTC +00:00]]
  [1m[35m (0.6ms)[0m  commit transaction
Redirected to http://localhost:3000/articles/3
Completed 302 Found in 4ms (ActiveRecord: 1.5ms)


Started GET "/articles/3" for 127.0.0.1 at 2015-08-11 23:00:26 -0400
Processing by ArticlesController#show as HTML
  Parameters: {"id"=>"3"}
  [1m[36mArticle Load (0.1ms)[0m  [1mSELECT "articles".* FROM "articles" WHERE "articles"."id" = ? LIMIT 1[0m  [["id", "3"]]
  Rendered articles/show.html.erb within layouts/application (0.3ms)
Completed 200 OK in 5ms (Views: 4.0ms | ActiveRecord: 0.1ms)


Started GET "/assets/articles.css?body=1" for 127.0.0.1 at 2015-08-11 23:00:26 -0400


Started GET "/assets/application.css?body=1" for 127.0.0.1 at 2015-08-11 23:00:26 -0400


Started GET "/assets/jquery.js?body=1" for 127.0.0.1 at 2015-08-11 23:00:26 -0400


Started GET "/assets/jquery_ujs.js?body=1" for 127.0.0.1 at 2015-08-11 23:00:26 -0400


Started GET "/assets/turbolinks.js?body=1" for 127.0.0.1 at 2015-08-11 23:00:26 -0400


Started GET "/assets/welcome.css?body=1" for 127.0.0.1 at 2015-08-11 23:00:26 -0400


Started GET "/assets/articles.js?body=1" for 127.0.0.1 at 2015-08-11 23:00:26 -0400


Started GET "/assets/welcome.js?body=1" for 127.0.0.1 at 2015-08-11 23:00:26 -0400


Started GET "/assets/application.js?body=1" for 127.0.0.1 at 2015-08-11 23:00:26 -0400


Started GET "/articles" for 127.0.0.1 at 2015-08-11 23:00:27 -0400
Processing by ArticlesController#index as HTML
  [1m[35mArticle Load (0.1ms)[0m  SELECT "articles".* FROM "articles"
  Rendered articles/index.html.erb within layouts/application (1.1ms)
Completed 200 OK in 5ms (Views: 4.2ms | ActiveRecord: 0.1ms)
  [1m[36mActiveRecord::SchemaMigration Load (0.1ms)[0m  [1mSELECT "schema_migrations".* FROM "schema_migrations"[0m
Migrating to CreateComments (20150812033326)
  [1m[35m (0.1ms)[0m  begin transaction
  [1m[36m (0.4ms)[0m  [1mCREATE TABLE "comments" ("id" INTEGER PRIMARY KEY AUTOINCREMENT NOT NULL, "commenter" varchar(255), "body" text, "article_id" integer, "created_at" datetime, "updated_at" datetime) [0m
  [1m[35m (0.1ms)[0m  CREATE INDEX "index_comments_on_article_id" ON "comments" ("article_id")
  [1m[36mSQL (0.2ms)[0m  [1mINSERT INTO "schema_migrations" ("version") VALUES (?)[0m  [["version", "20150812033326"]]
  [1m[35m (0.9ms)[0m  commit transaction
  [1m[36mActiveRecord::SchemaMigration Load (0.1ms)[0m  [1mSELECT "schema_migrations".* FROM "schema_migrations"[0m


Started GET "/" for 127.0.0.1 at 2015-08-11 23:57:04 -0400
  [1m[36mActiveRecord::SchemaMigration Load (0.4ms)[0m  [1mSELECT "schema_migrations".* FROM "schema_migrations"[0m
Processing by WelcomeController#index as HTML
  Rendered welcome/index.html.erb within layouts/application (1.3ms)
Completed 200 OK in 194ms (Views: 193.0ms | ActiveRecord: 0.0ms)


Started GET "/assets/articles.css?body=1" for 127.0.0.1 at 2015-08-11 23:57:05 -0400


Started GET "/assets/welcome.css?body=1" for 127.0.0.1 at 2015-08-11 23:57:05 -0400


Started GET "/assets/comments.css?body=1" for 127.0.0.1 at 2015-08-11 23:57:05 -0400


Started GET "/assets/jquery_ujs.js?body=1" for 127.0.0.1 at 2015-08-11 23:57:05 -0400


Started GET "/assets/articles.js?body=1" for 127.0.0.1 at 2015-08-11 23:57:05 -0400


Started GET "/assets/application.css?body=1" for 127.0.0.1 at 2015-08-11 23:57:05 -0400


Started GET "/assets/turbolinks.js?body=1" for 127.0.0.1 at 2015-08-11 23:57:05 -0400


Started GET "/assets/jquery.js?body=1" for 127.0.0.1 at 2015-08-11 23:57:05 -0400


Started GET "/assets/comments.js?body=1" for 127.0.0.1 at 2015-08-11 23:57:05 -0400


Started GET "/assets/welcome.js?body=1" for 127.0.0.1 at 2015-08-11 23:57:05 -0400


Started GET "/assets/application.js?body=1" for 127.0.0.1 at 2015-08-11 23:57:05 -0400


Started GET "/articles" for 127.0.0.1 at 2015-08-11 23:57:06 -0400
Processing by ArticlesController#index as HTML
  [1m[35mArticle Load (0.2ms)[0m  SELECT "articles".* FROM "articles"
  Rendered articles/index.html.erb within layouts/application (7.7ms)
Completed 200 OK in 23ms (Views: 14.7ms | ActiveRecord: 0.5ms)


Started GET "/articles/2" for 127.0.0.1 at 2015-08-11 23:57:07 -0400
Processing by ArticlesController#show as HTML
  Parameters: {"id"=>"2"}
  [1m[36mArticle Load (0.2ms)[0m  [1mSELECT "articles".* FROM "articles" WHERE "articles"."id" = ? LIMIT 1[0m  [["id", "2"]]
  [1m[35mComment Load (0.1ms)[0m  SELECT "comments".* FROM "comments" WHERE "comments"."article_id" = ?  [["article_id", 2]]
  Rendered articles/show.html.erb within layouts/application (35.8ms)
Completed 200 OK in 42ms (Views: 39.7ms | ActiveRecord: 0.5ms)


Started POST "/articles/2/comments" for 127.0.0.1 at 2015-08-11 23:57:12 -0400
Processing by CommentsController#create as HTML
  Parameters: {"utf8"=>"✓", "authenticity_token"=>"N/esAiyiJtLecmFiLNJFOw9wJDgp0rkKG/vMMevRDGA=", "comment"=>{"commenter"=>"maya", "body"=>"yo girl"}, "commit"=>"Create Comment", "article_id"=>"2"}
  [1m[36mArticle Load (0.1ms)[0m  [1mSELECT "articles".* FROM "articles" WHERE "articles"."id" = ? LIMIT 1[0m  [["id", "2"]]
  [1m[35m (0.1ms)[0m  begin transaction
  [1m[36mSQL (0.5ms)[0m  [1mINSERT INTO "comments" ("article_id", "body", "commenter", "created_at", "updated_at") VALUES (?, ?, ?, ?, ?)[0m  [["article_id", 2], ["body", "yo girl"], ["commenter", "maya"], ["created_at", Wed, 12 Aug 2015 03:57:12 UTC +00:00], ["updated_at", Wed, 12 Aug 2015 03:57:12 UTC +00:00]]
  [1m[35m (1.7ms)[0m  commit transaction
Redirected to http://localhost:3000/articles/2
Completed 302 Found in 8ms (ActiveRecord: 2.3ms)


Started GET "/articles/2" for 127.0.0.1 at 2015-08-11 23:57:12 -0400
Processing by ArticlesController#show as HTML
  Parameters: {"id"=>"2"}
  [1m[36mArticle Load (0.1ms)[0m  [1mSELECT "articles".* FROM "articles" WHERE "articles"."id" = ? LIMIT 1[0m  [["id", "2"]]
  [1m[35mComment Load (0.1ms)[0m  SELECT "comments".* FROM "comments" WHERE "comments"."article_id" = ?  [["article_id", 2]]
  Rendered articles/show.html.erb within layouts/application (5.0ms)
Completed 200 OK in 10ms (Views: 8.8ms | ActiveRecord: 0.2ms)


Started GET "/assets/welcome.css?body=1" for 127.0.0.1 at 2015-08-11 23:57:12 -0400


Started GET "/assets/jquery_ujs.js?body=1" for 127.0.0.1 at 2015-08-11 23:57:12 -0400


Started GET "/assets/articles.css?body=1" for 127.0.0.1 at 2015-08-11 23:57:12 -0400


Started GET "/assets/jquery.js?body=1" for 127.0.0.1 at 2015-08-11 23:57:12 -0400


Started GET "/assets/turbolinks.js?body=1" for 127.0.0.1 at 2015-08-11 23:57:12 -0400


Started GET "/assets/application.css?body=1" for 127.0.0.1 at 2015-08-11 23:57:12 -0400


Started GET "/assets/articles.js?body=1" for 127.0.0.1 at 2015-08-11 23:57:12 -0400


Started GET "/assets/welcome.js?body=1" for 127.0.0.1 at 2015-08-11 23:57:12 -0400


Started GET "/assets/application.js?body=1" for 127.0.0.1 at 2015-08-11 23:57:12 -0400


Started GET "/" for 127.0.0.1 at 2015-08-12 00:07:32 -0400
Processing by WelcomeController#index as HTML
  Rendered welcome/index.html.erb within layouts/application (0.8ms)
Completed 200 OK in 7ms (Views: 5.9ms | ActiveRecord: 0.0ms)


Started GET "/assets/articles.css?body=1" for 127.0.0.1 at 2015-08-12 00:07:33 -0400


Started GET "/assets/jquery.js?body=1" for 127.0.0.1 at 2015-08-12 00:07:33 -0400


Started GET "/assets/welcome.css?body=1" for 127.0.0.1 at 2015-08-12 00:07:33 -0400


Started GET "/assets/comments.css?body=1" for 127.0.0.1 at 2015-08-12 00:07:33 -0400


Started GET "/assets/jquery_ujs.js?body=1" for 127.0.0.1 at 2015-08-12 00:07:33 -0400


Started GET "/assets/turbolinks.js?body=1" for 127.0.0.1 at 2015-08-12 00:07:33 -0400


Started GET "/assets/application.css?body=1" for 127.0.0.1 at 2015-08-12 00:07:33 -0400


Started GET "/assets/articles.js?body=1" for 127.0.0.1 at 2015-08-12 00:07:33 -0400


Started GET "/assets/application.js?body=1" for 127.0.0.1 at 2015-08-12 00:07:33 -0400


Started GET "/assets/welcome.js?body=1" for 127.0.0.1 at 2015-08-12 00:07:33 -0400


Started GET "/assets/comments.js?body=1" for 127.0.0.1 at 2015-08-12 00:07:33 -0400


Started GET "/articles" for 127.0.0.1 at 2015-08-12 00:07:34 -0400
Processing by ArticlesController#index as HTML
  [1m[36mArticle Load (0.9ms)[0m  [1mSELECT "articles".* FROM "articles"[0m
  Rendered articles/index.html.erb within layouts/application (9.6ms)
Completed 200 OK in 18ms (Views: 13.0ms | ActiveRecord: 1.4ms)


Started GET "/articles/new" for 127.0.0.1 at 2015-08-12 00:07:35 -0400
Processing by ArticlesController#new as HTML
Filter chain halted as #<Proc:0x000001064aa838@/Users/isha.kasliwal/.rvm/gems/ruby-2.1.0/gems/actionpack-4.0.3/lib/action_controller/metal/http_authentication.rb:71> rendered or redirected
Completed 401 Unauthorized in 1ms (ActiveRecord: 0.0ms)


Started GET "/articles/new" for 127.0.0.1 at 2015-08-12 00:07:39 -0400
Processing by ArticlesController#new as HTML
  Rendered articles/_form.html.erb (2.2ms)
  Rendered articles/new.html.erb within layouts/application (3.4ms)
Completed 200 OK in 17ms (Views: 16.0ms | ActiveRecord: 0.0ms)
